19:13:09.878 [main] INFO  TestBase.BaseClass - -----Successfully captured the details of the second Course-----
19:13:14.771 [main] INFO  TestBase.BaseClass - -----Successfully entered the text-----
19:14:05.390 [main] INFO  TestBase.BaseClass - -----Successfully displayed the language details-----
19:14:05.768 [main] INFO  TestBase.BaseClass - -----Successfully clicked on the close button-----
19:14:14.749 [main] INFO  TestBase.BaseClass - -----Successfully displayed the level details-----
19:14:27.241 [main] INFO  TestBase.BaseClass - -----Scrolled to the For Enterprise-----
19:14:33.446 [main] INFO  TestBase.BaseClass - -----Clicked on the Coursera for campus-----
19:14:33.952 [main] INFO  TestBase.BaseClass - -----Scrolled to the form-----
19:14:34.734 [main] INFO  TestBase.BaseClass - -----Entered the value of the name-----
19:14:35.364 [main] INFO  TestBase.BaseClass - -----Entered the value of email and Phone Number -----
19:14:36.193 [main] INFO  TestBase.BaseClass - -----Entered the value for the institution-----
19:14:37.017 [main] INFO  TestBase.BaseClass - -----Entered the values for the job details-----
19:14:37.550 [main] INFO  TestBase.BaseClass - -----Entered the value for country-----
19:14:40.851 [main] INFO  TestBase.BaseClass - -----Clicked on the submit button-----
19:14:41.089 [main] INFO  TestBase.BaseClass - -----Successfully captured the Error Message-----
19:15:54.785 [main] INFO  TestBase.BaseClass - -----The search button is clicked successfully-----
19:15:58.425 [main] INFO  TestBase.BaseClass - -----Successfully scrolled to the top page-----
19:16:06.865 [main] INFO  TestBase.BaseClass - -----Successfully captured the details of the first Course-----
19:16:13.895 [main] INFO  TestBase.BaseClass - -----Successfully captured the details of the second Course-----
19:16:18.374 [main] INFO  TestBase.BaseClass - -----Successfully entered the text-----
19:17:08.972 [main] INFO  TestBase.BaseClass - -----Successfully displayed the language details-----
19:17:09.304 [main] INFO  TestBase.BaseClass - -----Successfully clicked on the close button-----
19:17:18.168 [main] INFO  TestBase.BaseClass - -----Successfully displayed the level details-----
19:17:30.922 [main] INFO  TestBase.BaseClass - -----Scrolled to the For Enterprise-----
19:17:37.473 [main] INFO  TestBase.BaseClass - -----Clicked on the Coursera for campus-----
19:17:37.884 [main] INFO  TestBase.BaseClass - -----Scrolled to the form-----
19:17:38.511 [main] INFO  TestBase.BaseClass - -----Entered the value of the name-----
19:17:39.029 [main] INFO  TestBase.BaseClass - -----Entered the value of email and Phone Number -----
19:17:39.938 [main] INFO  TestBase.BaseClass - -----Entered the value for the institution-----
19:17:41.294 [main] INFO  TestBase.BaseClass - -----Entered the values for the job details-----
19:17:41.862 [main] INFO  TestBase.BaseClass - -----Entered the value for country-----
19:17:45.126 [main] INFO  TestBase.BaseClass - -----Clicked on the submit button-----
19:17:45.467 [main] INFO  TestBase.BaseClass - -----Successfully captured the Error Message-----
19:18:13.668 [main] INFO  TestBase.BaseClass - -----The search button is clicked successfully-----
19:18:17.546 [main] INFO  TestBase.BaseClass - -----Successfully scrolled to the top page-----
19:18:24.257 [main] INFO  TestBase.BaseClass - -----Successfully captured the details of the first Course-----
19:18:30.107 [main] INFO  TestBase.BaseClass - -----Successfully captured the details of the second Course-----
19:18:34.382 [main] INFO  TestBase.BaseClass - -----Successfully entered the text-----
19:19:24.883 [main] INFO  TestBase.BaseClass - -----Successfully displayed the language details-----
19:19:25.251 [main] INFO  TestBase.BaseClass - -----Successfully clicked on the close button-----
19:19:34.287 [main] INFO  TestBase.BaseClass - -----Successfully displayed the level details-----
19:19:48.765 [main] INFO  TestBase.BaseClass - -----Scrolled to the For Enterprise-----
19:19:55.238 [main] INFO  TestBase.BaseClass - -----Clicked on the Coursera for campus-----
19:19:55.862 [main] INFO  TestBase.BaseClass - -----Scrolled to the form-----
19:19:56.761 [main] INFO  TestBase.BaseClass - -----Entered the value of the name-----
19:19:57.490 [main] INFO  TestBase.BaseClass - -----Entered the value of email and Phone Number -----
19:19:58.509 [main] INFO  TestBase.BaseClass - -----Entered the value for the institution-----
19:19:59.870 [main] INFO  TestBase.BaseClass - -----Entered the values for the job details-----
19:20:00.589 [main] INFO  TestBase.BaseClass - -----Entered the value for country-----
19:20:04.001 [main] INFO  TestBase.BaseClass - -----Clicked on the submit button-----
19:20:04.325 [main] INFO  TestBase.BaseClass - -----Successfully captured the Error Message-----
19:23:42.187 [main] INFO  Factory.BaseClass - ***The user clicked on the search button***
19:23:43.502 [main] INFO  Factory.BaseClass - ***The user clicked on the english and begginer***
